1657889223757	geckodriver	INFO	Listening on 127.0.0.1:50601
1657889226816	mozrunner::runner	INFO	Running command: "C:\\Program Files\\Mozilla Firefox\\firefox.exe" "--marionette" "--remote-debugging-port" "50602" "--remote-allow-hosts" "localhost" "-no-remote" "-profile" "D:\\Users\\sjyothi\\AppData\\Local\\Temp\\rust_mozprofileTOieWB"
1657889227599	Marionette	INFO	Marionette enabled
1657889227605	Marionette	INFO	Listening on port 50613
WebDriver BiDi listening on ws://localhost:50602
Read port: 50613
1657889227765	RemoteAgent	WARN	TLS certificate errors will be ignored for this session
console.warn: SearchSettings: "get: No settings file exists, new profile?" (new NotFoundError("Could not open the file at D:\\Users\\sjyothi\\AppData\\Local\\Temp\\rust_mozprofileTOieWB\\search.json.mozlz4", (void 0)))
DevTools listening on ws://localhost:50602/devtools/browser/22b7a8d6-1278-46e7-a6b3-47d47393fc59
JavaScript warning: https://av.sc.com/assets/global/adobe/production/dbccb09c4e46/a4595f584f88/launch-5bffc24dfdee.min.js, line 5: WEBGL_debug_renderer_info is deprecated in Firefox and will be removed. Please use RENDERER.
1657889244759	Marionette	INFO	Stopped listening on port 50613
[Parent 1772, IPC I/O Parent] WARNING: file /builds/worker/checkouts/gecko/ipc/chromium/src/base/process_util_win.cc:167
1657890071143	geckodriver	INFO	Listening on 127.0.0.1:50835
1657890074195	mozrunner::runner	INFO	Running command: "C:\\Program Files\\Mozilla Firefox\\firefox.exe" "--marionette" "--remote-debugging-port" "50836" "--remote-allow-hosts" "localhost" "-no-remote" "-profile" "D:\\Users\\sjyothi\\AppData\\Local\\Temp\\rust_mozprofileHqwGQF"
1657890074639	Marionette	INFO	Marionette enabled
1657890074646	Marionette	INFO	Listening on port 50844
WebDriver BiDi listening on ws://localhost:50836
Read port: 50844
1657890074915	RemoteAgent	WARN	TLS certificate errors will be ignored for this session
console.warn: SearchSettings: "get: No settings file exists, new profile?" (new NotFoundError("Could not open the file at D:\\Users\\sjyothi\\AppData\\Local\\Temp\\rust_mozprofileHqwGQF\\search.json.mozlz4", (void 0)))
DevTools listening on ws://localhost:50836/devtools/browser/e7850a04-ee43-47db-969c-f00ed1bf8cf2
JavaScript warning: https://av.sc.com/assets/global/adobe/production/dbccb09c4e46/a4595f584f88/launch-5bffc24dfdee.min.js, line 5: WEBGL_debug_renderer_info is deprecated in Firefox and will be removed. Please use RENDERER.
1657890080511	Marionette	INFO	Stopped listening on port 50844
1657892515122	geckodriver	INFO	Listening on 127.0.0.1:51152
1657892518142	mozrunner::runner	INFO	Running command: "C:\\Program Files\\Mozilla Firefox\\firefox.exe" "--marionette" "--remote-debugging-port" "51153" "--remote-allow-hosts" "localhost" "-no-remote" "-profile" "D:\\Users\\sjyothi\\AppData\\Local\\Temp\\rust_mozprofilezf5l7G"
1657892518669	Marionette	INFO	Marionette enabled
1657892518675	Marionette	INFO	Listening on port 51176
WebDriver BiDi listening on ws://localhost:51153
Read port: 51176
1657892518803	RemoteAgent	WARN	TLS certificate errors will be ignored for this session
console.warn: SearchSettings: "get: No settings file exists, new profile?" (new NotFoundError("Could not open the file at D:\\Users\\sjyothi\\AppData\\Local\\Temp\\rust_mozprofilezf5l7G\\search.json.mozlz4", (void 0)))
DevTools listening on ws://localhost:51153/devtools/browser/13de0b1b-b13e-424a-81a3-bc68b0fd21fd
JavaScript warning: https://av.sc.com/assets/global/adobe/production/dbccb09c4e46/a4595f584f88/launch-5bffc24dfdee.min.js, line 5: WEBGL_debug_renderer_info is deprecated in Firefox and will be removed. Please use RENDERER.
1657892525549	Marionette	INFO	Stopped listening on port 51176
1657892644764	geckodriver	INFO	Listening on 127.0.0.1:51281
1657892647812	mozrunner::runner	INFO	Running command: "C:\\Program Files\\Mozilla Firefox\\firefox.exe" "--marionette" "--remote-debugging-port" "51282" "--remote-allow-hosts" "localhost" "-no-remote" "-profile" "D:\\Users\\sjyothi\\AppData\\Local\\Temp\\rust_mozprofileJSMb2B"
1657892648208	Marionette	INFO	Marionette enabled
1657892648213	Marionette	INFO	Listening on port 51293
WebDriver BiDi listening on ws://localhost:51282
Read port: 51293
1657892648315	RemoteAgent	WARN	TLS certificate errors will be ignored for this session
console.warn: SearchSettings: "get: No settings file exists, new profile?" (new NotFoundError("Could not open the file at D:\\Users\\sjyothi\\AppData\\Local\\Temp\\rust_mozprofileJSMb2B\\search.json.mozlz4", (void 0)))
DevTools listening on ws://localhost:51282/devtools/browser/529a53bf-f2df-4de0-b48b-e1797050a547
JavaScript warning: https://av.sc.com/assets/global/adobe/production/dbccb09c4e46/a4595f584f88/launch-5bffc24dfdee.min.js, line 5: WEBGL_debug_renderer_info is deprecated in Firefox and will be removed. Please use RENDERER.
1657892653367	Marionette	INFO	Stopped listening on port 51293
1657893160014	geckodriver	INFO	Listening on 127.0.0.1:51435
1657893163085	mozrunner::runner	INFO	Running command: "C:\\Program Files\\Mozilla Firefox\\firefox.exe" "--marionette" "--remote-debugging-port" "51436" "--remote-allow-hosts" "localhost" "-no-remote" "-profile" "D:\\Users\\sjyothi\\AppData\\Local\\Temp\\rust_mozprofilewrUlJA"
1657893163512	Marionette	INFO	Marionette enabled
1657893163517	Marionette	INFO	Listening on port 51447
WebDriver BiDi listening on ws://localhost:51436
Read port: 51447
1657893163623	RemoteAgent	WARN	TLS certificate errors will be ignored for this session
console.warn: SearchSettings: "get: No settings file exists, new profile?" (new NotFoundError("Could not open the file at D:\\Users\\sjyothi\\AppData\\Local\\Temp\\rust_mozprofilewrUlJA\\search.json.mozlz4", (void 0)))
DevTools listening on ws://localhost:51436/devtools/browser/3bc6e1b6-47bf-4c1a-9252-c19a5814a5e0
JavaScript warning: https://av.sc.com/assets/global/adobe/production/dbccb09c4e46/a4595f584f88/launch-5bffc24dfdee.min.js, line 5: WEBGL_debug_renderer_info is deprecated in Firefox and will be removed. Please use RENDERER.
1657893169193	Marionette	INFO	Stopped listening on port 51447
JavaScript error: resource://gre/modules/Sqlite.jsm, line 1105: Error: Sqlite.jsm has been shutdown. Cannot open connection to: D:\Users\sjyothi\AppData\Local\Temp\rust_mozprofilewrUlJA\protections.sqlite
1657893321003	geckodriver	INFO	Listening on 127.0.0.1:51550
1657893324052	mozrunner::runner	INFO	Running command: "C:\\Program Files\\Mozilla Firefox\\firefox.exe" "--marionette" "--remote-debugging-port" "51551" "--remote-allow-hosts" "localhost" "-no-remote" "-profile" "D:\\Users\\sjyothi\\AppData\\Local\\Temp\\rust_mozprofileiZDLGL"
1657893324472	Marionette	INFO	Marionette enabled
1657893324477	Marionette	INFO	Listening on port 51560
WebDriver BiDi listening on ws://localhost:51551
Read port: 51560
1657893324580	RemoteAgent	WARN	TLS certificate errors will be ignored for this session
console.warn: SearchSettings: "get: No settings file exists, new profile?" (new NotFoundError("Could not open the file at D:\\Users\\sjyothi\\AppData\\Local\\Temp\\rust_mozprofileiZDLGL\\search.json.mozlz4", (void 0)))
DevTools listening on ws://localhost:51551/devtools/browser/876afc13-14c4-4bbe-a880-eb7b2d33c638
JavaScript warning: https://av.sc.com/assets/global/adobe/production/dbccb09c4e46/a4595f584f88/launch-5bffc24dfdee.min.js, line 5: WEBGL_debug_renderer_info is deprecated in Firefox and will be removed. Please use RENDERER.
1657893330626	Marionette	INFO	Stopped listening on port 51560
1657893456516	geckodriver	INFO	Listening on 127.0.0.1:51676
1657893459573	mozrunner::runner	INFO	Running command: "C:\\Program Files\\Mozilla Firefox\\firefox.exe" "--marionette" "--remote-debugging-port" "51677" "--remote-allow-hosts" "localhost" "-no-remote" "-profile" "D:\\Users\\sjyothi\\AppData\\Local\\Temp\\rust_mozprofileeAcYh2"
1657893459963	Marionette	INFO	Marionette enabled
1657893459968	Marionette	INFO	Listening on port 51686
WebDriver BiDi listening on ws://localhost:51677
Read port: 51686
1657893460067	RemoteAgent	WARN	TLS certificate errors will be ignored for this session
console.warn: SearchSettings: "get: No settings file exists, new profile?" (new NotFoundError("Could not open the file at D:\\Users\\sjyothi\\AppData\\Local\\Temp\\rust_mozprofileeAcYh2\\search.json.mozlz4", (void 0)))
DevTools listening on ws://localhost:51677/devtools/browser/502291ee-103d-4301-a3c6-cbde2af00c6a
JavaScript warning: https://av.sc.com/assets/global/adobe/production/dbccb09c4e46/a4595f584f88/launch-5bffc24dfdee.min.js, line 5: WEBGL_debug_renderer_info is deprecated in Firefox and will be removed. Please use RENDERER.
1657893465997	Marionette	INFO	Stopped listening on port 51686
1657893772698	geckodriver	INFO	Listening on 127.0.0.1:51825
1657893775761	mozrunner::runner	INFO	Running command: "C:\\Program Files\\Mozilla Firefox\\firefox.exe" "--marionette" "--remote-debugging-port" "51826" "--remote-allow-hosts" "localhost" "-no-remote" "-profile" "D:\\Users\\sjyothi\\AppData\\Local\\Temp\\rust_mozprofilewlqqJM"
1657893776228	Marionette	INFO	Marionette enabled
1657893776234	Marionette	INFO	Listening on port 51835
WebDriver BiDi listening on ws://localhost:51826
Read port: 51835
1657893776474	RemoteAgent	WARN	TLS certificate errors will be ignored for this session
console.warn: SearchSettings: "get: No settings file exists, new profile?" (new NotFoundError("Could not open the file at D:\\Users\\sjyothi\\AppData\\Local\\Temp\\rust_mozprofilewlqqJM\\search.json.mozlz4", (void 0)))
DevTools listening on ws://localhost:51826/devtools/browser/f978f683-6d07-493a-9c80-f477eae8cf0c
JavaScript warning: https://av.sc.com/assets/global/adobe/production/dbccb09c4e46/a4595f584f88/launch-5bffc24dfdee.min.js, line 5: WEBGL_debug_renderer_info is deprecated in Firefox and will be removed. Please use RENDERER.
1657893782957	Marionette	INFO	Stopped listening on port 51835
1657895228338	geckodriver	INFO	Listening on 127.0.0.1:61114
1657895231416	mozrunner::runner	INFO	Running command: "C:\\Program Files\\Mozilla Firefox\\firefox.exe" "--marionette" "--remote-debugging-port" "61115" "--remote-allow-hosts" "localhost" "-no-remote" "-profile" "D:\\Users\\sjyothi\\AppData\\Local\\Temp\\rust_mozprofile8zAvq7"
1657895231927	Marionette	INFO	Marionette enabled
1657895231932	Marionette	INFO	Listening on port 61124
WebDriver BiDi listening on ws://localhost:61115
Read port: 61124
1657895232049	RemoteAgent	WARN	TLS certificate errors will be ignored for this session
console.warn: SearchSettings: "get: No settings file exists, new profile?" (new NotFoundError("Could not open the file at D:\\Users\\sjyothi\\AppData\\Local\\Temp\\rust_mozprofile8zAvq7\\search.json.mozlz4", (void 0)))
DevTools listening on ws://localhost:61115/devtools/browser/f6ceb4f3-80e9-4d88-9173-cf81dba46491
JavaScript warning: https://av.sc.com/assets/global/adobe/production/dbccb09c4e46/a4595f584f88/launch-5bffc24dfdee.min.js, line 5: WEBGL_debug_renderer_info is deprecated in Firefox and will be removed. Please use RENDERER.
1657895237540	Marionette	INFO	Stopped listening on port 61124
JavaScript error: resource://gre/modules/Sqlite.jsm, line 1105: Error: Sqlite.jsm has been shutdown. Cannot open connection to: D:\Users\sjyothi\AppData\Local\Temp\rust_mozprofile8zAvq7\protections.sqlite
1657895389031	geckodriver	INFO	Listening on 127.0.0.1:61231
1657895392099	mozrunner::runner	INFO	Running command: "C:\\Program Files\\Mozilla Firefox\\firefox.exe" "--marionette" "--remote-debugging-port" "61232" "--remote-allow-hosts" "localhost" "-no-remote" "-profile" "D:\\Users\\sjyothi\\AppData\\Local\\Temp\\rust_mozprofile8lpl26"
1657895392511	Marionette	INFO	Marionette enabled
1657895392515	Marionette	INFO	Listening on port 61242
WebDriver BiDi listening on ws://localhost:61232
Read port: 61242
1657895392620	RemoteAgent	WARN	TLS certificate errors will be ignored for this session
console.warn: SearchSettings: "get: No settings file exists, new profile?" (new NotFoundError("Could not open the file at D:\\Users\\sjyothi\\AppData\\Local\\Temp\\rust_mozprofile8lpl26\\search.json.mozlz4", (void 0)))
DevTools listening on ws://localhost:61232/devtools/browser/870968ff-b84e-4b54-8b39-494b9b3cc53a
JavaScript warning: https://av.sc.com/assets/global/adobe/production/dbccb09c4e46/a4595f584f88/launch-5bffc24dfdee.min.js, line 5: WEBGL_debug_renderer_info is deprecated in Firefox and will be removed. Please use RENDERER.
1657895398857	Marionette	INFO	Stopped listening on port 61242
JavaScript error: resource://gre/modules/Sqlite.jsm, line 1105: Error: Sqlite.jsm has been shutdown. Cannot open connection to: D:\Users\sjyothi\AppData\Local\Temp\rust_mozprofile8lpl26\protections.sqlite
1657895457807	geckodriver	INFO	Listening on 127.0.0.1:61329
1657895460850	mozrunner::runner	INFO	Running command: "C:\\Program Files\\Mozilla Firefox\\firefox.exe" "--marionette" "--remote-debugging-port" "61330" "--remote-allow-hosts" "localhost" "-no-remote" "-profile" "D:\\Users\\sjyothi\\AppData\\Local\\Temp\\rust_mozprofileZXUwyB"
1657895461261	Marionette	INFO	Marionette enabled
1657895461266	Marionette	INFO	Listening on port 61339
WebDriver BiDi listening on ws://localhost:61330
Read port: 61339
1657895461366	RemoteAgent	WARN	TLS certificate errors will be ignored for this session
console.warn: SearchSettings: "get: No settings file exists, new profile?" (new NotFoundError("Could not open the file at D:\\Users\\sjyothi\\AppData\\Local\\Temp\\rust_mozprofileZXUwyB\\search.json.mozlz4", (void 0)))
DevTools listening on ws://localhost:61330/devtools/browser/da876e2f-4a79-4115-8226-57412d47717e
JavaScript warning: https://av.sc.com/assets/global/adobe/production/dbccb09c4e46/a4595f584f88/launch-5bffc24dfdee.min.js, line 5: WEBGL_debug_renderer_info is deprecated in Firefox and will be removed. Please use RENDERER.
1657895482415	Marionette	INFO	Stopped listening on port 61339
1657895719233	geckodriver	INFO	Listening on 127.0.0.1:61455
1657895722262	mozrunner::runner	INFO	Running command: "C:\\Program Files\\Mozilla Firefox\\firefox.exe" "--marionette" "--remote-debugging-port" "61456" "--remote-allow-hosts" "localhost" "-no-remote" "-profile" "D:\\Users\\sjyothi\\AppData\\Local\\Temp\\rust_mozprofileWu3yhy"
1657895722676	Marionette	INFO	Marionette enabled
1657895722682	Marionette	INFO	Listening on port 61465
WebDriver BiDi listening on ws://localhost:61456
Read port: 61465
1657895722790	RemoteAgent	WARN	TLS certificate errors will be ignored for this session
console.warn: SearchSettings: "get: No settings file exists, new profile?" (new NotFoundError("Could not open the file at D:\\Users\\sjyothi\\AppData\\Local\\Temp\\rust_mozprofileWu3yhy\\search.json.mozlz4", (void 0)))
DevTools listening on ws://localhost:61456/devtools/browser/33ec6edb-deeb-4e68-a9f3-98f747b70114
JavaScript warning: https://av.sc.com/assets/global/adobe/production/dbccb09c4e46/a4595f584f88/launch-5bffc24dfdee.min.js, line 5: WEBGL_debug_renderer_info is deprecated in Firefox and will be removed. Please use RENDERER.
1657895728926	Marionette	INFO	Stopped listening on port 61465
JavaScript error: resource://gre/modules/Sqlite.jsm, line 1105: Error: Sqlite.jsm has been shutdown. Cannot open connection to: D:\Users\sjyothi\AppData\Local\Temp\rust_mozprofileWu3yhy\protections.sqlite
1657896059836	geckodriver	INFO	Listening on 127.0.0.1:61591
1657896062877	mozrunner::runner	INFO	Running command: "C:\\Program Files\\Mozilla Firefox\\firefox.exe" "--marionette" "--remote-debugging-port" "61592" "--remote-allow-hosts" "localhost" "-no-remote" "-profile" "D:\\Users\\sjyothi\\AppData\\Local\\Temp\\rust_mozprofilevBr0dR"
1657896063284	Marionette	INFO	Marionette enabled
1657896063289	Marionette	INFO	Listening on port 61602
WebDriver BiDi listening on ws://localhost:61592
Read port: 61602
1657896063388	RemoteAgent	WARN	TLS certificate errors will be ignored for this session
console.warn: SearchSettings: "get: No settings file exists, new profile?" (new NotFoundError("Could not open the file at D:\\Users\\sjyothi\\AppData\\Local\\Temp\\rust_mozprofilevBr0dR\\search.json.mozlz4", (void 0)))
DevTools listening on ws://localhost:61592/devtools/browser/55caed80-6eca-431f-bc3a-b66953d6bde4
JavaScript warning: https://av.sc.com/assets/global/adobe/production/dbccb09c4e46/a4595f584f88/launch-5bffc24dfdee.min.js, line 5: WEBGL_debug_renderer_info is deprecated in Firefox and will be removed. Please use RENDERER.
1657896075236	Marionette	INFO	Stopped listening on port 61602
1657896100686	geckodriver	INFO	Listening on 127.0.0.1:61697
1657896103740	mozrunner::runner	INFO	Running command: "C:\\Program Files\\Mozilla Firefox\\firefox.exe" "--marionette" "--remote-debugging-port" "61698" "--remote-allow-hosts" "localhost" "-no-remote" "-profile" "D:\\Users\\sjyothi\\AppData\\Local\\Temp\\rust_mozprofileGqEvxp"
1657896104127	Marionette	INFO	Marionette enabled
1657896104132	Marionette	INFO	Listening on port 61707
WebDriver BiDi listening on ws://localhost:61698
Read port: 61707
1657896104235	RemoteAgent	WARN	TLS certificate errors will be ignored for this session
console.warn: SearchSettings: "get: No settings file exists, new profile?" (new NotFoundError("Could not open the file at D:\\Users\\sjyothi\\AppData\\Local\\Temp\\rust_mozprofileGqEvxp\\search.json.mozlz4", (void 0)))
DevTools listening on ws://localhost:61698/devtools/browser/d9d3755a-9e8b-4e00-8897-aea4cd4daff4
JavaScript warning: https://av.sc.com/assets/global/adobe/production/dbccb09c4e46/a4595f584f88/launch-5bffc24dfdee.min.js, line 5: WEBGL_debug_renderer_info is deprecated in Firefox and will be removed. Please use RENDERER.
1657896115636	Marionette	INFO	Stopped listening on port 61707
